[2024-07-25T16:54:19.508+0000] {processor.py:161} INFO - Started process (PID=640) to work on /opt/airflow/dags/AggregationToGold.py
[2024-07-25T16:54:19.510+0000] {processor.py:830} INFO - Processing file /opt/airflow/dags/AggregationToGold.py for tasks to queue
[2024-07-25T16:54:19.514+0000] {logging_mixin.py:188} INFO - [2024-07-25T16:54:19.513+0000] {dagbag.py:540} INFO - Filling up the DagBag from /opt/airflow/dags/AggregationToGold.py
[2024-07-25T16:54:20.453+0000] {processor.py:840} INFO - DAG(s) 'AggBreweriesToGold' retrieved from /opt/airflow/dags/AggregationToGold.py
[2024-07-25T16:54:20.652+0000] {logging_mixin.py:188} INFO - [2024-07-25T16:54:20.651+0000] {dag.py:3096} INFO - Sync 1 DAGs
[2024-07-25T16:54:20.684+0000] {logging_mixin.py:188} INFO - [2024-07-25T16:54:20.683+0000] {dag.py:3954} INFO - Setting next_dagrun for AggBreweriesToGold to 2024-07-26 00:00:00+00:00, run_after=2024-07-27 00:00:00+00:00
[2024-07-25T16:54:20.717+0000] {processor.py:183} INFO - Processing /opt/airflow/dags/AggregationToGold.py took 1.221 seconds
[2024-07-25T16:54:50.933+0000] {processor.py:161} INFO - Started process (PID=654) to work on /opt/airflow/dags/AggregationToGold.py
[2024-07-25T16:54:50.935+0000] {processor.py:830} INFO - Processing file /opt/airflow/dags/AggregationToGold.py for tasks to queue
[2024-07-25T16:54:50.938+0000] {logging_mixin.py:188} INFO - [2024-07-25T16:54:50.937+0000] {dagbag.py:540} INFO - Filling up the DagBag from /opt/airflow/dags/AggregationToGold.py
[2024-07-25T16:54:51.742+0000] {processor.py:840} INFO - DAG(s) 'AggBreweriesToGold' retrieved from /opt/airflow/dags/AggregationToGold.py
[2024-07-25T16:54:51.886+0000] {logging_mixin.py:188} INFO - [2024-07-25T16:54:51.885+0000] {dag.py:3096} INFO - Sync 1 DAGs
[2024-07-25T16:54:51.916+0000] {logging_mixin.py:188} INFO - [2024-07-25T16:54:51.915+0000] {dag.py:3954} INFO - Setting next_dagrun for AggBreweriesToGold to 2024-07-26 00:00:00+00:00, run_after=2024-07-27 00:00:00+00:00
[2024-07-25T16:54:51.944+0000] {processor.py:183} INFO - Processing /opt/airflow/dags/AggregationToGold.py took 1.018 seconds
[2024-07-25T16:55:22.017+0000] {processor.py:161} INFO - Started process (PID=668) to work on /opt/airflow/dags/AggregationToGold.py
[2024-07-25T16:55:22.019+0000] {processor.py:830} INFO - Processing file /opt/airflow/dags/AggregationToGold.py for tasks to queue
[2024-07-25T16:55:22.022+0000] {logging_mixin.py:188} INFO - [2024-07-25T16:55:22.021+0000] {dagbag.py:540} INFO - Filling up the DagBag from /opt/airflow/dags/AggregationToGold.py
[2024-07-25T16:55:22.671+0000] {processor.py:840} INFO - DAG(s) 'AggBreweriesToGold' retrieved from /opt/airflow/dags/AggregationToGold.py
[2024-07-25T16:55:22.799+0000] {logging_mixin.py:188} INFO - [2024-07-25T16:55:22.799+0000] {dag.py:3096} INFO - Sync 1 DAGs
[2024-07-25T16:55:22.832+0000] {logging_mixin.py:188} INFO - [2024-07-25T16:55:22.832+0000] {dag.py:3954} INFO - Setting next_dagrun for AggBreweriesToGold to 2024-07-26 00:00:00+00:00, run_after=2024-07-27 00:00:00+00:00
[2024-07-25T16:55:22.862+0000] {processor.py:183} INFO - Processing /opt/airflow/dags/AggregationToGold.py took 0.854 seconds
